[debug] [2023-06-23T08:16:12.149Z] ----------------------------------------------------------------------
[debug] [2023-06-23T08:16:12.151Z] Command:       C:\Program Files\nodejs\node.exe C:\Users\Asus\AppData\Roaming\npm\node_modules\firebase-tools\lib\bin\firebase.js deploy
[debug] [2023-06-23T08:16:12.152Z] CLI Version:   12.3.1
[debug] [2023-06-23T08:16:12.152Z] Platform:      win32
[debug] [2023-06-23T08:16:12.152Z] Node Version:  v18.12.1
[debug] [2023-06-23T08:16:12.158Z] Time:          Fri Jun 23 2023 14:01:12 GMT+0545 (Nepal Time)
[debug] [2023-06-23T08:16:12.158Z] ----------------------------------------------------------------------
[debug] 
[debug] [2023-06-23T08:16:12.244Z] > command requires scopes: ["email","openid","https://www.googleapis.com/auth/cloudplatformprojects.readonly","https://www.googleapis.com/auth/firebase","https://www.googleapis.com/auth/cloud-platform"]
[debug] [2023-06-23T08:16:12.245Z] > authorizing via signed-in user (bhurtelshishir@gmail.com)
[debug] [2023-06-23T08:16:12.245Z] [iam] checking project backend-for-ninox for permissions ["cloudfunctions.functions.create","cloudfunctions.functions.delete","cloudfunctions.functions.get","cloudfunctions.functions.list","cloudfunctions.functions.update","cloudfunctions.operations.get","firebase.projects.get","firebasehosting.sites.update"]
[debug] [2023-06-23T08:16:12.247Z] >>> [apiv2][query] POST https://cloudresourcemanager.googleapis.com/v1/projects/backend-for-ninox:testIamPermissions [none]
[debug] [2023-06-23T08:16:12.247Z] >>> [apiv2][(partial)header] POST https://cloudresourcemanager.googleapis.com/v1/projects/backend-for-ninox:testIamPermissions x-goog-quota-user=projects/backend-for-ninox
[debug] [2023-06-23T08:16:12.247Z] >>> [apiv2][body] POST https://cloudresourcemanager.googleapis.com/v1/projects/backend-for-ninox:testIamPermissions {"permissions":["cloudfunctions.functions.create","cloudfunctions.functions.delete","cloudfunctions.functions.get","cloudfunctions.functions.list","cloudfunctions.functions.update","cloudfunctions.operations.get","firebase.projects.get","firebasehosting.sites.update"]}
[debug] [2023-06-23T08:16:13.897Z] <<< [apiv2][status] POST https://cloudresourcemanager.googleapis.com/v1/projects/backend-for-ninox:testIamPermissions 200
[debug] [2023-06-23T08:16:13.898Z] <<< [apiv2][body] POST https://cloudresourcemanager.googleapis.com/v1/projects/backend-for-ninox:testIamPermissions {"permissions":["cloudfunctions.functions.create","cloudfunctions.functions.delete","cloudfunctions.functions.get","cloudfunctions.functions.list","cloudfunctions.functions.update","cloudfunctions.operations.get","firebase.projects.get","firebasehosting.sites.update"]}
[debug] [2023-06-23T08:16:13.898Z] >>> [apiv2][query] POST https://iam.googleapis.com/v1/projects/backend-for-ninox/serviceAccounts/backend-for-ninox@appspot.gserviceaccount.com:testIamPermissions [none]
[debug] [2023-06-23T08:16:13.898Z] >>> [apiv2][body] POST https://iam.googleapis.com/v1/projects/backend-for-ninox/serviceAccounts/backend-for-ninox@appspot.gserviceaccount.com:testIamPermissions {"permissions":["iam.serviceAccounts.actAs"]}
[debug] [2023-06-23T08:16:15.993Z] <<< [apiv2][status] POST https://iam.googleapis.com/v1/projects/backend-for-ninox/serviceAccounts/backend-for-ninox@appspot.gserviceaccount.com:testIamPermissions 200
[debug] [2023-06-23T08:16:15.993Z] <<< [apiv2][body] POST https://iam.googleapis.com/v1/projects/backend-for-ninox/serviceAccounts/backend-for-ninox@appspot.gserviceaccount.com:testIamPermissions {"permissions":["iam.serviceAccounts.actAs"]}
[debug] [2023-06-23T08:16:15.994Z] >>> [apiv2][query] GET https://firebase.googleapis.com/v1beta1/projects/backend-for-ninox [none]
[debug] [2023-06-23T08:16:16.498Z] <<< [apiv2][status] GET https://firebase.googleapis.com/v1beta1/projects/backend-for-ninox 200
[debug] [2023-06-23T08:16:16.499Z] <<< [apiv2][body] GET https://firebase.googleapis.com/v1beta1/projects/backend-for-ninox {"projectId":"backend-for-ninox","projectNumber":"248144681155","displayName":"Backend For Ninox","name":"projects/backend-for-ninox","resources":{"hostingSite":"backend-for-ninox"},"state":"ACTIVE","etag":"1_ab40bbf6-679c-4471-9c26-19a215346187"}
[info] 
[info] === Deploying to 'backend-for-ninox'...
[info] 
[info] i  deploying functions, hosting 
[debug] [2023-06-23T08:16:16.508Z] >>> [apiv2][query] GET https://firebase.googleapis.com/v1beta1/projects/backend-for-ninox [none]
[debug] [2023-06-23T08:16:17.027Z] <<< [apiv2][status] GET https://firebase.googleapis.com/v1beta1/projects/backend-for-ninox 200
[debug] [2023-06-23T08:16:17.027Z] <<< [apiv2][body] GET https://firebase.googleapis.com/v1beta1/projects/backend-for-ninox {"projectId":"backend-for-ninox","projectNumber":"248144681155","displayName":"Backend For Ninox","name":"projects/backend-for-ninox","resources":{"hostingSite":"backend-for-ninox"},"state":"ACTIVE","etag":"1_ab40bbf6-679c-4471-9c26-19a215346187"}
[info] i  functions: preparing codebase default for deployment 
[info] i  functions: ensuring required API cloudfunctions.googleapis.com is enabled... 
[info] i  functions: ensuring required API cloudbuild.googleapis.com is enabled... 
[info] i  artifactregistry: ensuring required API artifactregistry.googleapis.com is enabled... 
[debug] [2023-06-23T08:16:17.033Z] >>> [apiv2][query] GET https://serviceusage.googleapis.com/v1/projects/backend-for-ninox/services/cloudfunctions.googleapis.com [none]
[debug] [2023-06-23T08:16:17.033Z] >>> [apiv2][(partial)header] GET https://serviceusage.googleapis.com/v1/projects/backend-for-ninox/services/cloudfunctions.googleapis.com x-goog-quota-user=projects/backend-for-ninox
[debug] [2023-06-23T08:16:17.034Z] >>> [apiv2][query] GET https://serviceusage.googleapis.com/v1/projects/backend-for-ninox/services/runtimeconfig.googleapis.com [none]
[debug] [2023-06-23T08:16:17.034Z] >>> [apiv2][(partial)header] GET https://serviceusage.googleapis.com/v1/projects/backend-for-ninox/services/runtimeconfig.googleapis.com x-goog-quota-user=projects/backend-for-ninox
[debug] [2023-06-23T08:16:17.035Z] >>> [apiv2][query] GET https://serviceusage.googleapis.com/v1/projects/backend-for-ninox/services/cloudbuild.googleapis.com [none]
[debug] [2023-06-23T08:16:17.035Z] >>> [apiv2][(partial)header] GET https://serviceusage.googleapis.com/v1/projects/backend-for-ninox/services/cloudbuild.googleapis.com x-goog-quota-user=projects/backend-for-ninox
[debug] [2023-06-23T08:16:17.039Z] >>> [apiv2][query] GET https://serviceusage.googleapis.com/v1/projects/backend-for-ninox/services/artifactregistry.googleapis.com [none]
[debug] [2023-06-23T08:16:17.041Z] >>> [apiv2][(partial)header] GET https://serviceusage.googleapis.com/v1/projects/backend-for-ninox/services/artifactregistry.googleapis.com x-goog-quota-user=projects/backend-for-ninox
[debug] [2023-06-23T08:16:19.081Z] <<< [apiv2][status] GET https://serviceusage.googleapis.com/v1/projects/backend-for-ninox/services/cloudbuild.googleapis.com 200
[debug] [2023-06-23T08:16:19.082Z] <<< [apiv2][body] GET https://serviceusage.googleapis.com/v1/projects/backend-for-ninox/services/cloudbuild.googleapis.com [omitted]
[info] +  functions: required API cloudbuild.googleapis.com is enabled 
[debug] [2023-06-23T08:16:19.148Z] <<< [apiv2][status] GET https://serviceusage.googleapis.com/v1/projects/backend-for-ninox/services/runtimeconfig.googleapis.com 200
[debug] [2023-06-23T08:16:19.148Z] <<< [apiv2][body] GET https://serviceusage.googleapis.com/v1/projects/backend-for-ninox/services/runtimeconfig.googleapis.com [omitted]
[debug] [2023-06-23T08:16:19.158Z] <<< [apiv2][status] GET https://serviceusage.googleapis.com/v1/projects/backend-for-ninox/services/cloudfunctions.googleapis.com 200
[debug] [2023-06-23T08:16:19.158Z] <<< [apiv2][body] GET https://serviceusage.googleapis.com/v1/projects/backend-for-ninox/services/cloudfunctions.googleapis.com [omitted]
[info] +  functions: required API cloudfunctions.googleapis.com is enabled 
[debug] [2023-06-23T08:16:19.163Z] <<< [apiv2][status] GET https://serviceusage.googleapis.com/v1/projects/backend-for-ninox/services/artifactregistry.googleapis.com 200
[debug] [2023-06-23T08:16:19.163Z] <<< [apiv2][body] GET https://serviceusage.googleapis.com/v1/projects/backend-for-ninox/services/artifactregistry.googleapis.com [omitted]
[info] +  artifactregistry: required API artifactregistry.googleapis.com is enabled 
[debug] [2023-06-23T08:16:19.165Z] >>> [apiv2][query] GET https://firebase.googleapis.com/v1beta1/projects/backend-for-ninox/adminSdkConfig [none]
[debug] [2023-06-23T08:16:19.667Z] <<< [apiv2][status] GET https://firebase.googleapis.com/v1beta1/projects/backend-for-ninox/adminSdkConfig 200
[debug] [2023-06-23T08:16:19.668Z] <<< [apiv2][body] GET https://firebase.googleapis.com/v1beta1/projects/backend-for-ninox/adminSdkConfig {"projectId":"backend-for-ninox","storageBucket":"backend-for-ninox.appspot.com"}
[debug] [2023-06-23T08:16:19.668Z] >>> [apiv2][query] GET https://runtimeconfig.googleapis.com/v1beta1/projects/backend-for-ninox/configs [none]
[debug] [2023-06-23T08:16:20.347Z] <<< [apiv2][status] GET https://runtimeconfig.googleapis.com/v1beta1/projects/backend-for-ninox/configs 200
[debug] [2023-06-23T08:16:20.347Z] <<< [apiv2][body] GET https://runtimeconfig.googleapis.com/v1beta1/projects/backend-for-ninox/configs {}
[debug] [2023-06-23T08:16:20.352Z] Validating nodejs source
[warn] !  functions: package.json indicates an outdated version of firebase-functions. Please upgrade using npm install --save firebase-functions@latest in your functions directory. 
[debug] [2023-06-23T08:16:22.723Z] > [functions] package.json contents: {
  "name": "facebookleadfrontend",
  "version": "0.1.0",
  "private": true,
  "main": "index.js",
  "scripts": {
    "start": "node index.js",
    "build": "next build",
    "lint": "next lint",
    "dev": "next dev",
    "next:start": "next start"
  },
  "dependencies": {
    "@emotion/react": "^11.11.0",
    "@emotion/styled": "^11.11.0",
    "@mui/material": "^5.13.1",
    "autoprefixer": "^10.4.14",
    "axios": "^1.4.0",
    "bcryptjs": "^2.4.3",
    "dotenv": "^16.0.3",
    "email-validator": "^2.0.4",
    "express": "^4.18.2",
    "firebase-admin": "^11.8.0",
    "firebase-functions": "^4.4.0",
    "jsonwebtoken": "^9.0.0",
    "mongoose": "^7.2.0",
    "next": "13.4.3",
    "node-cron": "^3.0.2",
    "postcss": "^8.4.23",
    "react": "18.2.0",
    "react-dom": "18.2.0",
    "react-hot-toast": "^2.4.1",
    "react-router-dom": "^6.11.2",
    "sharp": "^0.32.1",
    "tailwindcss": "^3.3.2",
    "uuid": "^9.0.0",
    "validator": "^13.9.0"
  },
  "devDependencies": {
    "eslint": "8.40.0",
    "eslint-config-next": "13.4.3"
  }
}
[debug] [2023-06-23T08:16:22.724Z] Building nodejs source
[debug] [2023-06-23T08:16:22.726Z] Could not find functions.yaml. Must use http discovery
[debug] [2023-06-23T08:16:22.744Z] Found firebase-functions binary at 'D:\Web\facebookleadfrontend\functions\node_modules\.bin\firebase-functions'
[debug] [2023-06-23T08:16:23.349Z] Serving at port 8808

[debug] [2023-06-23T08:16:26.519Z] Got response from /__/functions.yaml {"endpoints":{"nextServer":{"availableMemoryMb":null,"timeoutSeconds":null,"minInstances":null,"maxInstances":null,"ingressSettings":null,"concurrency":null,"serviceAccountEmail":null,"vpc":null,"platform":"gcfv2","labels":{},"httpsTrigger":{},"entryPoint":"nextServer"}},"specVersion":"v1alpha1","requiredAPIs":[]}
[debug] [2023-06-23T08:16:26.543Z] shutdown requested via /__/quitquitquit

[info] i  functions: preparing functions directory for uploading... 
